<?xml version="1.0" encoding="utf-8"?><testsuites name="pytest tests"><testsuite name="pytest" errors="0" failures="0" skipped="0" tests="23" time="5.426" timestamp="2026-02-04T06:34:00.622130+00:00" hostname="agent-env-9f22961e-f9a7-4358-9dba-efa55cfe1d81"><testcase classname="backend.tests.test_lyriclab_api.TestHealthEndpoints" name="test_health_endpoint" time="0.067" /><testcase classname="backend.tests.test_lyriclab_api.TestHealthEndpoints" name="test_root_endpoint" time="0.037" /><testcase classname="backend.tests.test_lyriclab_api.TestAuthEndpoints" name="test_auth_me_without_token" time="0.039" /><testcase classname="backend.tests.test_lyriclab_api.TestAuthEndpoints" name="test_auth_me_with_invalid_token" time="0.038" /><testcase classname="backend.tests.test_lyriclab_api.TestAuthEndpoints" name="test_auth_me_with_valid_token" time="0.040" /><testcase classname="backend.tests.test_lyriclab_api.TestAuthEndpoints" name="test_logout_endpoint" time="0.045" /><testcase classname="backend.tests.test_lyriclab_api.TestSongsCRUD" name="test_list_songs_without_auth" time="0.047" /><testcase classname="backend.tests.test_lyriclab_api.TestSongsCRUD" name="test_list_songs_with_auth" time="0.056" /><testcase classname="backend.tests.test_lyriclab_api.TestSongsCRUD" name="test_create_song" time="0.087" /><testcase classname="backend.tests.test_lyriclab_api.TestSongsCRUD" name="test_create_and_get_song" time="0.119" /><testcase classname="backend.tests.test_lyriclab_api.TestSongsCRUD" name="test_update_song" time="0.156" /><testcase classname="backend.tests.test_lyriclab_api.TestSongsCRUD" name="test_delete_song" time="0.113" /><testcase classname="backend.tests.test_lyriclab_api.TestSongsCRUD" name="test_duplicate_song" time="0.179" /><testcase classname="backend.tests.test_lyriclab_api.TestSongsCRUD" name="test_get_nonexistent_song" time="0.032" /><testcase classname="backend.tests.test_lyriclab_api.TestLyricsEndpoints" name="test_generate_lyrics_without_auth" time="0.032" /><testcase classname="backend.tests.test_lyriclab_api.TestLyricsEndpoints" name="test_rewrite_lyrics_without_auth" time="0.037" /><testcase classname="backend.tests.test_lyriclab_api.TestLyricsEndpoints" name="test_rewrite_section_without_auth" time="0.041" /><testcase classname="backend.tests.test_lyriclab_api.TestLyricsEndpoints" name="test_variations_without_auth" time="0.042" /><testcase classname="backend.tests.test_lyriclab_api.TestLyricsEndpoints" name="test_custom_edit_without_auth" time="0.040" /><testcase classname="backend.tests.test_lyriclab_api.TestLyricsEndpoints" name="test_transform_without_auth" time="0.071" /><testcase classname="backend.tests.test_lyriclab_api.TestLyricsEndpoints" name="test_transform_endpoint_exists" time="1.304" /><testcase classname="backend.tests.test_lyriclab_api.TestTransformFeature" name="test_transform_with_all_options" time="1.681" /><testcase classname="backend.tests.test_lyriclab_api.TestTransformFeature" name="test_transform_minimal_options" time="0.973" /></testsuite></testsuites>